# JRE version: OpenJDK Runtime Environment (8.0_265-b01) (build 1.8.0_265-b01)
# Java VM: OpenJDK 64-Bit Server VM (25.265-b01 mixed mode windows-amd64 compressed oops)
Heap:
 PSYoungGen      total 318464K, used 190306K [0x00000000eb400000, 0x0000000100000000, 0x0000000100000000)
  eden space 296960K, 64% used [0x00000000eb400000,0x00000000f6dd8890,0x00000000fd600000)
  from space 21504K, 0% used [0x00000000fd600000,0x00000000fd600000,0x00000000feb00000)
  to   space 21504K, 0% used [0x00000000feb00000,0x00000000feb00000,0x0000000100000000)
 ParOldGen       total 76800K, used 56262K [0x00000000c1c00000, 0x00000000c6700000, 0x00000000eb400000)
  object space 76800K, 73% used [0x00000000c1c00000,0x00000000c52f1b48,0x00000000c6700000)
 Metaspace       used 101250K, capacity 111616K, committed 111692K, reserved 1146880K
  class space    used 13556K, capacity 14945K, committed 14976K, reserved 1048576K
GC Heap History (10 events):
Event: 33.717 GC heap before
{Heap before GC invocations=17 (full 2):
 PSYoungGen      total 314880K, used 120765K [0x00000000eb400000, 0x0000000100000000, 0x0000000100000000)
  eden space 295936K, 34% used [0x00000000eb400000,0x00000000f1770ed8,0x00000000fd500000)
  from space 18944K, 99% used [0x00000000fed80000,0x00000000ffffe668,0x0000000100000000)
  to   space 22016K, 0% used [0x00000000fd500000,0x00000000fd500000,0x00000000fea80000)
 ParOldGen       total 53248K, used 16741K [0x00000000c1c00000, 0x00000000c5000000, 0x00000000eb400000)
  object space 53248K, 31% used [0x00000000c1c00000,0x00000000c2c59790,0x00000000c5000000)
 Metaspace       used 54346K, capacity 58986K, committed 59028K, reserved 1099776K
  class space    used 7320K, capacity 8155K, committed 8192K, reserved 1048576K
Event: 33.754 GC heap after
Heap after GC invocations=17 (full 2):
 PSYoungGen      total 317952K, used 8509K [0x00000000eb400000, 0x0000000100000000, 0x0000000100000000)
  eden space 295936K, 0% used [0x00000000eb400000,0x00000000eb400000,0x00000000fd500000)
  from space 22016K, 38% used [0x00000000fd500000,0x00000000fdd4f6b0,0x00000000fea80000)
  to   space 20480K, 0% used [0x00000000fec00000,0x00000000fec00000,0x0000000100000000)
 ParOldGen       total 53248K, used 24144K [0x00000000c1c00000, 0x00000000c5000000, 0x00000000eb400000)
  object space 53248K, 45% used [0x00000000c1c00000,0x00000000c3394150,0x00000000c5000000)
 Metaspace       used 54346K, capacity 58986K, committed 59028K, reserved 1099776K
  class space    used 7320K, capacity 8155K, committed 8192K, reserved 1048576K
}
Event: 33.755 GC heap before
{Heap before GC invocations=18 (full 3):
 PSYoungGen      total 317952K, used 8509K [0x00000000eb400000, 0x0000000100000000, 0x0000000100000000)
  eden space 295936K, 0% used [0x00000000eb400000,0x00000000eb400000,0x00000000fd500000)
  from space 22016K, 38% used [0x00000000fd500000,0x00000000fdd4f6b0,0x00000000fea80000)
  to   space 20480K, 0% used [0x00000000fec00000,0x00000000fec00000,0x0000000100000000)
 ParOldGen       total 53248K, used 24144K [0x00000000c1c00000, 0x00000000c5000000, 0x00000000eb400000)
  object space 53248K, 45% used [0x00000000c1c00000,0x00000000c3394150,0x00000000c5000000)
 Metaspace       used 54346K, capacity 58986K, committed 59028K, reserved 1099776K
  class space    used 7320K, capacity 8155K, committed 8192K, reserved 1048576K
Event: 34.067 GC heap after
Heap after GC invocations=18 (full 3):
 PSYoungGen      total 317952K, used 0K [0x00000000eb400000, 0x0000000100000000, 0x0000000100000000)
  eden space 295936K, 0% used [0x00000000eb400000,0x00000000eb400000,0x00000000fd500000)
  from space 22016K, 0% used [0x00000000fd500000,0x00000000fd500000,0x00000000fea80000)
  to   space 20480K, 0% used [0x00000000fec00000,0x00000000fec00000,0x0000000100000000)
 ParOldGen       total 76800K, used 29572K [0x00000000c1c00000, 0x00000000c6700000, 0x00000000eb400000)
  object space 76800K, 38% used [0x00000000c1c00000,0x00000000c38e10d0,0x00000000c6700000)
 Metaspace       used 54346K, capacity 58986K, committed 59028K, reserved 1099776K
  class space    used 7320K, capacity 8155K, committed 8192K, reserved 1048576K
}
Event: 39.459 GC heap before
{Heap before GC invocations=19 (full 3):
 PSYoungGen      total 317952K, used 295936K [0x00000000eb400000, 0x0000000100000000, 0x0000000100000000)
  eden space 295936K, 100% used [0x00000000eb400000,0x00000000fd500000,0x00000000fd500000)
  from space 22016K, 0% used [0x00000000fd500000,0x00000000fd500000,0x00000000fea80000)
  to   space 20480K, 0% used [0x00000000fec00000,0x00000000fec00000,0x0000000100000000)
 ParOldGen       total 76800K, used 29572K [0x00000000c1c00000, 0x00000000c6700000, 0x00000000eb400000)
  object space 76800K, 38% used [0x00000000c1c00000,0x00000000c38e10d0,0x00000000c6700000)
 Metaspace       used 64739K, capacity 70824K, committed 70872K, reserved 1110016K
  class space    used 8696K, capacity 9713K, committed 9728K, reserved 1048576K
Event: 39.486 GC heap after
Heap after GC invocations=19 (full 3):
 PSYoungGen      total 317440K, used 14427K [0x00000000eb400000, 0x0000000100000000, 0x0000000100000000)
  eden space 296960K, 0% used [0x00000000eb400000,0x00000000eb400000,0x00000000fd600000)
  from space 20480K, 70% used [0x00000000fec00000,0x00000000ffa16e90,0x0000000100000000)
  to   space 21504K, 0% used [0x00000000fd600000,0x00000000fd600000,0x00000000feb00000)
 ParOldGen       total 76800K, used 29588K [0x00000000c1c00000, 0x00000000c6700000, 0x00000000eb400000)
  object space 76800K, 38% used [0x00000000c1c00000,0x00000000c38e50d0,0x00000000c6700000)
 Metaspace       used 64739K, capacity 70824K, committed 70872K, reserved 1110016K
  class space    used 8696K, capacity 9713K, committed 9728K, reserved 1048576K
}
Event: 47.160 GC heap before
{Heap before GC invocations=20 (full 3):
 PSYoungGen      total 317440K, used 253818K [0x00000000eb400000, 0x0000000100000000, 0x0000000100000000)
  eden space 296960K, 80% used [0x00000000eb400000,0x00000000f9dc7c80,0x00000000fd600000)
  from space 20480K, 70% used [0x00000000fec00000,0x00000000ffa16e90,0x0000000100000000)
  to   space 21504K, 0% used [0x00000000fd600000,0x00000000fd600000,0x00000000feb00000)
 ParOldGen       total 76800K, used 29588K [0x00000000c1c00000, 0x00000000c6700000, 0x00000000eb400000)
  object space 76800K, 38% used [0x00000000c1c00000,0x00000000c38e50d0,0x00000000c6700000)
 Metaspace       used 89949K, capacity 98272K, committed 98380K, reserved 1134592K
  class space    used 11931K, capacity 13153K, committed 13184K, reserved 1048576K
Event: 47.228 GC heap after
Heap after GC invocations=20 (full 3):
 PSYoungGen      total 318464K, used 21499K [0x00000000eb400000, 0x0000000100000000, 0x0000000100000000)
  eden space 296960K, 0% used [0x00000000eb400000,0x00000000eb400000,0x00000000fd600000)
  from space 21504K, 99% used [0x00000000fd600000,0x00000000feafef48,0x00000000feb00000)
  to   space 21504K, 0% used [0x00000000feb00000,0x00000000feb00000,0x0000000100000000)
 ParOldGen       total 76800K, used 40768K [0x00000000c1c00000, 0x00000000c6700000, 0x00000000eb400000)
  object space 76800K, 53% used [0x00000000c1c00000,0x00000000c43d0210,0x00000000c6700000)
 Metaspace       used 89949K, capacity 98272K, committed 98380K, reserved 1134592K
  class space    used 11931K, capacity 13153K, committed 13184K, reserved 1048576K
}
Event: 47.228 GC heap before
{Heap before GC invocations=21 (full 4):
 PSYoungGen      total 318464K, used 21499K [0x00000000eb400000, 0x0000000100000000, 0x0000000100000000)
  eden space 296960K, 0% used [0x00000000eb400000,0x00000000eb400000,0x00000000fd600000)
  from space 21504K, 99% used [0x00000000fd600000,0x00000000feafef48,0x00000000feb00000)
  to   space 21504K, 0% used [0x00000000feb00000,0x00000000feb00000,0x0000000100000000)
 ParOldGen       total 76800K, used 40768K [0x00000000c1c00000, 0x00000000c6700000, 0x00000000eb400000)
  object space 76800K, 53% used [0x00000000c1c00000,0x00000000c43d0210,0x00000000c6700000)
 Metaspace       used 89949K, capacity 98272K, committed 98380K, reserved 1134592K
  class space    used 11931K, capacity 13153K, committed 13184K, reserved 1048576K
Event: 48.192 GC heap after
Heap after GC invocations=21 (full 4):
 PSYoungGen      total 318464K, used 0K [0x00000000eb400000, 0x0000000100000000, 0x0000000100000000)
  eden space 296960K, 0% used [0x00000000eb400000,0x00000000eb400000,0x00000000fd600000)
  from space 21504K, 0% used [0x00000000fd600000,0x00000000fd600000,0x00000000feb00000)
  to   space 21504K, 0% used [0x00000000feb00000,0x00000000feb00000,0x0000000100000000)
 ParOldGen       total 76800K, used 56262K [0x00000000c1c00000, 0x00000000c6700000, 0x00000000eb400000)
  object space 76800K, 73% used [0x00000000c1c00000,0x00000000c52f1b48,0x00000000c6700000)
 Metaspace       used 89949K, capacity 98272K, committed 98380K, reserved 1134592K
  class space    used 11931K, capacity 13153K, committed 13184K, reserved 1048576K
}

