# JRE version: OpenJDK Runtime Environment (8.0_265-b01) (build 1.8.0_265-b01)
# Java VM: OpenJDK 64-Bit Server VM (25.265-b01 mixed mode windows-amd64 compressed oops)
Heap:
 PSYoungGen      total 215552K, used 36861K [0x00000000eb400000, 0x00000000ffd80000, 0x0000000100000000)
  eden space 201728K, 11% used [0x00000000eb400000,0x00000000eca842b0,0x00000000f7900000)
  from space 13824K, 99% used [0x00000000f8b80000,0x00000000f98fb540,0x00000000f9900000)
  to   space 18944K, 0% used [0x00000000f7900000,0x00000000f7900000,0x00000000f8b80000)
 ParOldGen       total 40448K, used 17241K [0x00000000c1c00000, 0x00000000c4380000, 0x00000000eb400000)
  object space 40448K, 42% used [0x00000000c1c00000,0x00000000c2cd67e8,0x00000000c4380000)
 Metaspace       used 33495K, capacity 34562K, committed 34688K, reserved 1081344K
  class space    used 4160K, capacity 4382K, committed 4480K, reserved 1048576K
GC Heap History (10 events):
Event: 6.500 GC heap before
{Heap before GC invocations=9 (full 0):
 PSYoungGen      total 139264K, used 139232K [0x00000000eb400000, 0x00000000f4c00000, 0x0000000100000000)
  eden space 129024K, 100% used [0x00000000eb400000,0x00000000f3200000,0x00000000f3200000)
  from space 10240K, 99% used [0x00000000f3e00000,0x00000000f47f8130,0x00000000f4800000)
  to   space 12288K, 0% used [0x00000000f3200000,0x00000000f3200000,0x00000000f3e00000)
 ParOldGen       total 44032K, used 15537K [0x00000000c1c00000, 0x00000000c4700000, 0x00000000eb400000)
  object space 44032K, 35% used [0x00000000c1c00000,0x00000000c2b2c7e8,0x00000000c4700000)
 Metaspace       used 19187K, capacity 19670K, committed 19840K, reserved 1067008K
  class space    used 2205K, capacity 2328K, committed 2432K, reserved 1048576K
Event: 6.529 GC heap after
Heap after GC invocations=9 (full 0):
 PSYoungGen      total 141312K, used 11648K [0x00000000eb400000, 0x00000000f9900000, 0x0000000100000000)
  eden space 129024K, 0% used [0x00000000eb400000,0x00000000eb400000,0x00000000f3200000)
  from space 12288K, 94% used [0x00000000f3200000,0x00000000f3d60000,0x00000000f3e00000)
  to   space 13824K, 0% used [0x00000000f8b80000,0x00000000f8b80000,0x00000000f9900000)
 ParOldGen       total 44032K, used 18244K [0x00000000c1c00000, 0x00000000c4700000, 0x00000000eb400000)
  object space 44032K, 41% used [0x00000000c1c00000,0x00000000c2dd1128,0x00000000c4700000)
 Metaspace       used 19187K, capacity 19670K, committed 19840K, reserved 1067008K
  class space    used 2205K, capacity 2328K, committed 2432K, reserved 1048576K
}
Event: 7.833 GC heap before
{Heap before GC invocations=10 (full 0):
 PSYoungGen      total 141312K, used 140672K [0x00000000eb400000, 0x00000000f9900000, 0x0000000100000000)
  eden space 129024K, 100% used [0x00000000eb400000,0x00000000f3200000,0x00000000f3200000)
  from space 12288K, 94% used [0x00000000f3200000,0x00000000f3d60000,0x00000000f3e00000)
  to   space 13824K, 0% used [0x00000000f8b80000,0x00000000f8b80000,0x00000000f9900000)
 ParOldGen       total 44032K, used 18244K [0x00000000c1c00000, 0x00000000c4700000, 0x00000000eb400000)
  object space 44032K, 41% used [0x00000000c1c00000,0x00000000c2dd1128,0x00000000c4700000)
 Metaspace       used 19244K, capacity 19744K, committed 20096K, reserved 1067008K
  class space    used 2205K, capacity 2329K, committed 2432K, reserved 1048576K
Event: 7.854 GC heap after
Heap after GC invocations=10 (full 0):
 PSYoungGen      total 219136K, used 12224K [0x00000000eb400000, 0x00000000f9c00000, 0x0000000100000000)
  eden space 205312K, 0% used [0x00000000eb400000,0x00000000eb400000,0x00000000f7c80000)
  from space 13824K, 88% used [0x00000000f8b80000,0x00000000f9770000,0x00000000f9900000)
  to   space 15360K, 0% used [0x00000000f7c80000,0x00000000f7c80000,0x00000000f8b80000)
 ParOldGen       total 44032K, used 25608K [0x00000000c1c00000, 0x00000000c4700000, 0x00000000eb400000)
  object space 44032K, 58% used [0x00000000c1c00000,0x00000000c3502138,0x00000000c4700000)
 Metaspace       used 19244K, capacity 19744K, committed 20096K, reserved 1067008K
  class space    used 2205K, capacity 2329K, committed 2432K, reserved 1048576K
}
Event: 8.560 GC heap before
{Heap before GC invocations=11 (full 0):
 PSYoungGen      total 219136K, used 49562K [0x00000000eb400000, 0x00000000f9c00000, 0x0000000100000000)
  eden space 205312K, 18% used [0x00000000eb400000,0x00000000ed876a30,0x00000000f7c80000)
  from space 13824K, 88% used [0x00000000f8b80000,0x00000000f9770000,0x00000000f9900000)
  to   space 15360K, 0% used [0x00000000f7c80000,0x00000000f7c80000,0x00000000f8b80000)
 ParOldGen       total 44032K, used 25608K [0x00000000c1c00000, 0x00000000c4700000, 0x00000000eb400000)
  object space 44032K, 58% used [0x00000000c1c00000,0x00000000c3502138,0x00000000c4700000)
 Metaspace       used 20657K, capacity 21190K, committed 21248K, reserved 1069056K
  class space    used 2372K, capacity 2522K, committed 2560K, reserved 1048576K
Event: 8.564 GC heap after
Heap after GC invocations=11 (full 0):
 PSYoungGen      total 220672K, used 2352K [0x00000000eb400000, 0x00000000f9c00000, 0x0000000100000000)
  eden space 205312K, 0% used [0x00000000eb400000,0x00000000eb400000,0x00000000f7c80000)
  from space 15360K, 15% used [0x00000000f7c80000,0x00000000f7ecc1b8,0x00000000f8b80000)
  to   space 13824K, 0% used [0x00000000f8b80000,0x00000000f8b80000,0x00000000f9900000)
 ParOldGen       total 44032K, used 26176K [0x00000000c1c00000, 0x00000000c4700000, 0x00000000eb400000)
  object space 44032K, 59% used [0x00000000c1c00000,0x00000000c3590138,0x00000000c4700000)
 Metaspace       used 20657K, capacity 21190K, committed 21248K, reserved 1069056K
  class space    used 2372K, capacity 2522K, committed 2560K, reserved 1048576K
}
Event: 8.564 GC heap before
{Heap before GC invocations=12 (full 1):
 PSYoungGen      total 220672K, used 2352K [0x00000000eb400000, 0x00000000f9c00000, 0x0000000100000000)
  eden space 205312K, 0% used [0x00000000eb400000,0x00000000eb400000,0x00000000f7c80000)
  from space 15360K, 15% used [0x00000000f7c80000,0x00000000f7ecc1b8,0x00000000f8b80000)
  to   space 13824K, 0% used [0x00000000f8b80000,0x00000000f8b80000,0x00000000f9900000)
 ParOldGen       total 44032K, used 26176K [0x00000000c1c00000, 0x00000000c4700000, 0x00000000eb400000)
  object space 44032K, 59% used [0x00000000c1c00000,0x00000000c3590138,0x00000000c4700000)
 Metaspace       used 20657K, capacity 21190K, committed 21248K, reserved 1069056K
  class space    used 2372K, capacity 2522K, committed 2560K, reserved 1048576K
Event: 8.598 GC heap after
Heap after GC invocations=12 (full 1):
 PSYoungGen      total 220672K, used 0K [0x00000000eb400000, 0x00000000f9c00000, 0x0000000100000000)
  eden space 205312K, 0% used [0x00000000eb400000,0x00000000eb400000,0x00000000f7c80000)
  from space 15360K, 0% used [0x00000000f7c80000,0x00000000f7c80000,0x00000000f8b80000)
  to   space 13824K, 0% used [0x00000000f8b80000,0x00000000f8b80000,0x00000000f9900000)
 ParOldGen       total 40448K, used 12761K [0x00000000c1c00000, 0x00000000c4380000, 0x00000000eb400000)
  object space 40448K, 31% used [0x00000000c1c00000,0x00000000c28764c0,0x00000000c4380000)
 Metaspace       used 20657K, capacity 21190K, committed 21248K, reserved 1069056K
  class space    used 2372K, capacity 2522K, committed 2560K, reserved 1048576K
}
Event: 14.910 GC heap before
{Heap before GC invocations=13 (full 1):
 PSYoungGen      total 220672K, used 205312K [0x00000000eb400000, 0x00000000f9c00000, 0x0000000100000000)
  eden space 205312K, 100% used [0x00000000eb400000,0x00000000f7c80000,0x00000000f7c80000)
  from space 15360K, 0% used [0x00000000f7c80000,0x00000000f7c80000,0x00000000f8b80000)
  to   space 13824K, 0% used [0x00000000f8b80000,0x00000000f8b80000,0x00000000f9900000)
 ParOldGen       total 40448K, used 12761K [0x00000000c1c00000, 0x00000000c4380000, 0x00000000eb400000)
  object space 40448K, 31% used [0x00000000c1c00000,0x00000000c28764c0,0x00000000c4380000)
 Metaspace       used 31104K, capacity 31946K, committed 32256K, reserved 1077248K
  class space    used 3879K, capacity 4070K, committed 4096K, reserved 1048576K
Event: 14.927 GC heap after
Heap after GC invocations=13 (full 1):
 PSYoungGen      total 215552K, used 13805K [0x00000000eb400000, 0x00000000ffd80000, 0x0000000100000000)
  eden space 201728K, 0% used [0x00000000eb400000,0x00000000eb400000,0x00000000f7900000)
  from space 13824K, 99% used [0x00000000f8b80000,0x00000000f98fb540,0x00000000f9900000)
  to   space 18944K, 0% used [0x00000000f7900000,0x00000000f7900000,0x00000000f8b80000)
 ParOldGen       total 40448K, used 17241K [0x00000000c1c00000, 0x00000000c4380000, 0x00000000eb400000)
  object space 40448K, 42% used [0x00000000c1c00000,0x00000000c2cd67e8,0x00000000c4380000)
 Metaspace       used 31104K, capacity 31946K, committed 32256K, reserved 1077248K
  class space    used 3879K, capacity 4070K, committed 4096K, reserved 1048576K
}

